生成启动时间为 2014/9/22 19:39:27。
     1>项目“C:\Users\yy\Documents\Visual Studio 2010\Projects\MfileReader\MfileReader\MfileReader.vcxproj”在节点 2 上(build 个目标)。
     1>InitializeBuildStatus:
         正在对“Debug\MfileReader.unsuccessfulbuild”执行 Touch 任务。
       ClCompile:
         F:\VS\VC\bin\CL.exe /c /ZI /nologo /W3 /WX- /Od /Oy- /D WIN32 /D _DEBUG /D _CONSOLE /D _UNICODE /D UNICODE /Gm /EHsc /RTC1 /MDd /GS /fp:precise /Zc:wchar_t /Zc:forScope /Fo"Debug\\" /Fd"Debug\vc100.pdb" /Gd /TP /analyze- /errorReport:prompt MfileReader.cpp
         MfileReader.cpp
     1>c:\users\yy\documents\visual studio 2010\projects\mfilereader\mfilereader\mfilereader.cpp(110): warning C4996: 'strcpy': This function or variable may be unsafe. Consider using strcpy_s instead. To disable deprecation, use _CRT_SECURE_NO_WARNINGS. See online help for details.
                 f:\vs\vc\include\string.h(105) : 参见“strcpy”的声明
       ManifestResourceCompile:
         所有输出均为最新。
       Link:
         F:\VS\VC\bin\link.exe /ERRORREPORT:PROMPT /OUT:"C:\Users\yy\Documents\Visual Studio 2010\Projects\MfileReader\Debug\MfileReader.exe" /INCREMENTAL /NOLOGO kernel32.lib user32.lib gdi32.lib winspool.lib comdlg32.lib advapi32.lib shell32.lib ole32.lib oleaut32.lib uuid.lib odbc32.lib odbccp32.lib /MANIFEST /ManifestFile:"Debug\MfileReader.exe.intermediate.manifest" /MANIFESTUAC:"level='asInvoker' uiAccess='false'" /DEBUG /PDB:"C:\Users\yy\Documents\Visual Studio 2010\Projects\MfileReader\Debug\MfileReader.pdb" /SUBSYSTEM:CONSOLE /TLBID:1 /DYNAMICBASE /NXCOMPAT /IMPLIB:"C:\Users\yy\Documents\Visual Studio 2010\Projects\MfileReader\Debug\MfileReader.lib" /MACHINE:X86 Debug\MfileReader.exe.embed.manifest.res
         Debug\MFile.obj
         Debug\MfileReader.obj
         Debug\stdafx.obj
     1>glui32.lib(glui_control.obj) : error LNK2038: 检测到“_ITERATOR_DEBUG_LEVEL”的不匹配项: 值“0”不匹配值“2”(MFile.obj 中)
     1>glui32.lib(glui.obj) : error LNK2038: 检测到“_ITERATOR_DEBUG_LEVEL”的不匹配项: 值“0”不匹配值“2”(MFile.obj 中)
     1>glui32.lib(glui_button.obj) : error LNK2038: 检测到“_ITERATOR_DEBUG_LEVEL”的不匹配项: 值“0”不匹配值“2”(MFile.obj 中)
     1>glui32.lib(glui_filebrowser.obj) : error LNK2038: 检测到“_ITERATOR_DEBUG_LEVEL”的不匹配项: 值“0”不匹配值“2”(MFile.obj 中)
     1>glui32.lib(glui_scrollbar.obj) : error LNK2038: 检测到“_ITERATOR_DEBUG_LEVEL”的不匹配项: 值“0”不匹配值“2”(MFile.obj 中)
     1>glui32.lib(glui_edittext.obj) : error LNK2038: 检测到“_ITERATOR_DEBUG_LEVEL”的不匹配项: 值“0”不匹配值“2”(MFile.obj 中)
     1>glui32.lib(glui_column.obj) : error LNK2038: 检测到“_ITERATOR_DEBUG_LEVEL”的不匹配项: 值“0”不匹配值“2”(MFile.obj 中)
     1>glui32.lib(glui_translation.obj) : error LNK2038: 检测到“_ITERATOR_DEBUG_LEVEL”的不匹配项: 值“0”不匹配值“2”(MFile.obj 中)
     1>glui32.lib(glui_rotation.obj) : error LNK2038: 检测到“_ITERATOR_DEBUG_LEVEL”的不匹配项: 值“0”不匹配值“2”(MFile.obj 中)
     1>glui32.lib(glui_spinner.obj) : error LNK2038: 检测到“_ITERATOR_DEBUG_LEVEL”的不匹配项: 值“0”不匹配值“2”(MFile.obj 中)
     1>glui32.lib(glui_listbox.obj) : error LNK2038: 检测到“_ITERATOR_DEBUG_LEVEL”的不匹配项: 值“0”不匹配值“2”(MFile.obj 中)
     1>glui32.lib(glui_radio.obj) : error LNK2038: 检测到“_ITERATOR_DEBUG_LEVEL”的不匹配项: 值“0”不匹配值“2”(MFile.obj 中)
     1>glui32.lib(glui_panel.obj) : error LNK2038: 检测到“_ITERATOR_DEBUG_LEVEL”的不匹配项: 值“0”不匹配值“2”(MFile.obj 中)
     1>glui32.lib(glui_separator.obj) : error LNK2038: 检测到“_ITERATOR_DEBUG_LEVEL”的不匹配项: 值“0”不匹配值“2”(MFile.obj 中)
     1>glui32.lib(glui_checkbox.obj) : error LNK2038: 检测到“_ITERATOR_DEBUG_LEVEL”的不匹配项: 值“0”不匹配值“2”(MFile.obj 中)
     1>glui32.lib(glui_rollout.obj) : error LNK2038: 检测到“_ITERATOR_DEBUG_LEVEL”的不匹配项: 值“0”不匹配值“2”(MFile.obj 中)
     1>glui32.lib(glui_node.obj) : error LNK2038: 检测到“_ITERATOR_DEBUG_LEVEL”的不匹配项: 值“0”不匹配值“2”(MFile.obj 中)
     1>glui32.lib(glui_window.obj) : error LNK2038: 检测到“_ITERATOR_DEBUG_LEVEL”的不匹配项: 值“0”不匹配值“2”(MFile.obj 中)
     1>glui32.lib(glui_bitmaps.obj) : error LNK2038: 检测到“_ITERATOR_DEBUG_LEVEL”的不匹配项: 值“0”不匹配值“2”(MFile.obj 中)
     1>glui32.lib(glui_string.obj) : error LNK2038: 检测到“_ITERATOR_DEBUG_LEVEL”的不匹配项: 值“0”不匹配值“2”(MFile.obj 中)
     1>glui32.lib(glui_list.obj) : error LNK2038: 检测到“_ITERATOR_DEBUG_LEVEL”的不匹配项: 值“0”不匹配值“2”(MFile.obj 中)
     1>glui32.lib(algebra3.obj) : error LNK2038: 检测到“_ITERATOR_DEBUG_LEVEL”的不匹配项: 值“0”不匹配值“2”(MFile.obj 中)
     1>glui32.lib(glui_mouse_iaction.obj) : error LNK2038: 检测到“_ITERATOR_DEBUG_LEVEL”的不匹配项: 值“0”不匹配值“2”(MFile.obj 中)
     1>glui32.lib(arcball.obj) : error LNK2038: 检测到“_ITERATOR_DEBUG_LEVEL”的不匹配项: 值“0”不匹配值“2”(MFile.obj 中)
     1>glui32.lib(quaternion.obj) : error LNK2038: 检测到“_ITERATOR_DEBUG_LEVEL”的不匹配项: 值“0”不匹配值“2”(MFile.obj 中)
     1>LINK : warning LNK4098: 默认库“MSVCRT”与其他库的使用冲突；请使用 /NODEFAULTLIB:library
     1>C:\Users\yy\Documents\Visual Studio 2010\Projects\MfileReader\Debug\MfileReader.exe : fatal error LNK1319: 检测到 25 个不匹配项
     1>已完成生成项目“C:\Users\yy\Documents\Visual Studio 2010\Projects\MfileReader\MfileReader\MfileReader.vcxproj”(build 个目标)的操作 - 失败。

生成失败。

已用时间 00:00:02.76
