生成启动时间为 2014/9/25 0:26:03。
     1>项目“C:\Users\yy\Documents\Visual Studio 2010\Projects\MfileReader\MfileReader\MfileReader.vcxproj”在节点 2 上(build 个目标)。
     1>InitializeBuildStatus:
         正在创建“Release\MfileReader.unsuccessfulbuild”，因为已指定“AlwaysCreate”。
       ClCompile:
         F:\VS\VC\bin\CL.exe /c /Zi /nologo /W3 /WX- /O2 /Oi /Oy- /GL /D WIN32 /D NDEBUG /D _CONSOLE /D _UNICODE /D UNICODE /Gm- /EHsc /MD /GS /Gy /fp:precise /Zc:wchar_t /Zc:forScope /Fo"Release\\" /Fd"Release\vc100.pdb" /Gd /TP /analyze- /errorReport:prompt MFile.cpp
         MFile.cpp
     1>MFile.cpp(121): warning C4101: “i”: 未引用的局部变量
     1>MFile.cpp(189): warning C4996: 'sscanf': This function or variable may be unsafe. Consider using sscanf_s instead. To disable deprecation, use _CRT_SECURE_NO_WARNINGS. See online help for details.
                 F:\VS\VC\include\stdio.h(325) : 参见“sscanf”的声明
     1>MFile.cpp(201): warning C4996: 'sscanf': This function or variable may be unsafe. Consider using sscanf_s instead. To disable deprecation, use _CRT_SECURE_NO_WARNINGS. See online help for details.
                 F:\VS\VC\include\stdio.h(325) : 参见“sscanf”的声明
     1>MFile.cpp(171): warning C4101: “k”: 未引用的局部变量
     1>MFile.cpp(171): warning C4101: “j”: 未引用的局部变量
     1>MFile.cpp(280): warning C4101: “yn”: 未引用的局部变量
     1>MFile.cpp(280): warning C4101: “xn”: 未引用的局部变量
     1>MFile.cpp(280): warning C4101: “zn”: 未引用的局部变量
     1>MFile.cpp(343): warning C4996: 'sprintf': This function or variable may be unsafe. Consider using sprintf_s instead. To disable deprecation, use _CRT_SECURE_NO_WARNINGS. See online help for details.
                 F:\VS\VC\include\stdio.h(371) : 参见“sprintf”的声明
     1>MFile.cpp(344): warning C4996: 'sprintf': This function or variable may be unsafe. Consider using sprintf_s instead. To disable deprecation, use _CRT_SECURE_NO_WARNINGS. See online help for details.
                 F:\VS\VC\include\stdio.h(371) : 参见“sprintf”的声明
     1>MFile.cpp(345): warning C4996: 'sprintf': This function or variable may be unsafe. Consider using sprintf_s instead. To disable deprecation, use _CRT_SECURE_NO_WARNINGS. See online help for details.
                 F:\VS\VC\include\stdio.h(371) : 参见“sprintf”的声明
     1>MFile.cpp(346): warning C4996: 'sprintf': This function or variable may be unsafe. Consider using sprintf_s instead. To disable deprecation, use _CRT_SECURE_NO_WARNINGS. See online help for details.
                 F:\VS\VC\include\stdio.h(371) : 参见“sprintf”的声明
     1>MFile.cpp(347): warning C4996: 'sprintf': This function or variable may be unsafe. Consider using sprintf_s instead. To disable deprecation, use _CRT_SECURE_NO_WARNINGS. See online help for details.
                 F:\VS\VC\include\stdio.h(371) : 参见“sprintf”的声明
     1>MFile.cpp(348): warning C4996: 'sprintf': This function or variable may be unsafe. Consider using sprintf_s instead. To disable deprecation, use _CRT_SECURE_NO_WARNINGS. See online help for details.
                 F:\VS\VC\include\stdio.h(371) : 参见“sprintf”的声明
     1>MFile.cpp(349): warning C4996: 'sprintf': This function or variable may be unsafe. Consider using sprintf_s instead. To disable deprecation, use _CRT_SECURE_NO_WARNINGS. See online help for details.
                 F:\VS\VC\include\stdio.h(371) : 参见“sprintf”的声明
     1>MFile.cpp(350): warning C4996: 'sprintf': This function or variable may be unsafe. Consider using sprintf_s instead. To disable deprecation, use _CRT_SECURE_NO_WARNINGS. See online help for details.
                 F:\VS\VC\include\stdio.h(371) : 参见“sprintf”的声明
     1>MFile.cpp(351): warning C4996: 'sprintf': This function or variable may be unsafe. Consider using sprintf_s instead. To disable deprecation, use _CRT_SECURE_NO_WARNINGS. See online help for details.
                 F:\VS\VC\include\stdio.h(371) : 参见“sprintf”的声明
     1>MFile.cpp(353): warning C4996: 'sprintf': This function or variable may be unsafe. Consider using sprintf_s instead. To disable deprecation, use _CRT_SECURE_NO_WARNINGS. See online help for details.
                 F:\VS\VC\include\stdio.h(371) : 参见“sprintf”的声明
     1>MFile.cpp(354): warning C4996: 'sprintf': This function or variable may be unsafe. Consider using sprintf_s instead. To disable deprecation, use _CRT_SECURE_NO_WARNINGS. See online help for details.
                 F:\VS\VC\include\stdio.h(371) : 参见“sprintf”的声明
     1>MFile.cpp(355): warning C4996: 'sprintf': This function or variable may be unsafe. Consider using sprintf_s instead. To disable deprecation, use _CRT_SECURE_NO_WARNINGS. See online help for details.
                 F:\VS\VC\include\stdio.h(371) : 参见“sprintf”的声明
     1>MFile.cpp(330): warning C4101: “i”: 未引用的局部变量
     1>MFile.cpp(330): warning C4101: “j”: 未引用的局部变量
       Link:
         F:\VS\VC\bin\link.exe /ERRORREPORT:PROMPT /OUT:"C:\Users\yy\Documents\Visual Studio 2010\Projects\MfileReader\Release\MfileReader.exe" /INCREMENTAL:NO /NOLOGO glui32.lib glut32.lib Opengl32.lib Glu32.lib kernel32.lib user32.lib gdi32.lib winspool.lib comdlg32.lib advapi32.lib shell32.lib ole32.lib oleaut32.lib uuid.lib odbc32.lib odbccp32.lib /MANIFEST:NO /DEBUG /PDB:"C:\Users\yy\Documents\Visual Studio 2010\Projects\MfileReader\Release\MfileReader.pdb" /SUBSYSTEM:CONSOLE /OPT:REF /OPT:ICF /LTCG /TLBID:1 /DYNAMICBASE /NXCOMPAT /IMPLIB:"C:\Users\yy\Documents\Visual Studio 2010\Projects\MfileReader\Release\MfileReader.lib" /MACHINE:X86 Release\MFile.obj
         Release\MfileReader.obj
         Release\stdafx.obj
         正在生成代码
         已完成代码的生成
     1>glui32.lib(algebra3.obj) : warning LNK4099: 未找到 PDB“vc100.pdb”(使用“glui32.lib(algebra3.obj)”或在“C:\Users\yy\Documents\Visual Studio 2010\Projects\MfileReader\Release\vc100.pdb”中寻找)；正在链接对象，如同没有调试信息一样
     1>glui32.lib(arcball.obj) : warning LNK4099: 未找到 PDB“vc100.pdb”(使用“glui32.lib(arcball.obj)”或在“C:\Users\yy\Documents\Visual Studio 2010\Projects\MfileReader\Release\vc100.pdb”中寻找)；正在链接对象，如同没有调试信息一样
     1>glui32.lib(glui.obj) : warning LNK4099: 未找到 PDB“vc100.pdb”(使用“glui32.lib(glui.obj)”或在“C:\Users\yy\Documents\Visual Studio 2010\Projects\MfileReader\Release\vc100.pdb”中寻找)；正在链接对象，如同没有调试信息一样
     1>glui32.lib(glui_bitmap_img_data.obj) : warning LNK4099: 未找到 PDB“vc100.pdb”(使用“glui32.lib(glui_bitmap_img_data.obj)”或在“C:\Users\yy\Documents\Visual Studio 2010\Projects\MfileReader\Release\vc100.pdb”中寻找)；正在链接对象，如同没有调试信息一样
     1>glui32.lib(glui_bitmaps.obj) : warning LNK4099: 未找到 PDB“vc100.pdb”(使用“glui32.lib(glui_bitmaps.obj)”或在“C:\Users\yy\Documents\Visual Studio 2010\Projects\MfileReader\Release\vc100.pdb”中寻找)；正在链接对象，如同没有调试信息一样
     1>glui32.lib(glui_button.obj) : warning LNK4099: 未找到 PDB“vc100.pdb”(使用“glui32.lib(glui_button.obj)”或在“C:\Users\yy\Documents\Visual Studio 2010\Projects\MfileReader\Release\vc100.pdb”中寻找)；正在链接对象，如同没有调试信息一样
     1>glui32.lib(glui_checkbox.obj) : warning LNK4099: 未找到 PDB“vc100.pdb”(使用“glui32.lib(glui_checkbox.obj)”或在“C:\Users\yy\Documents\Visual Studio 2010\Projects\MfileReader\Release\vc100.pdb”中寻找)；正在链接对象，如同没有调试信息一样
     1>glui32.lib(glui_column.obj) : warning LNK4099: 未找到 PDB“vc100.pdb”(使用“glui32.lib(glui_column.obj)”或在“C:\Users\yy\Documents\Visual Studio 2010\Projects\MfileReader\Release\vc100.pdb”中寻找)；正在链接对象，如同没有调试信息一样
     1>glui32.lib(glui_control.obj) : warning LNK4099: 未找到 PDB“vc100.pdb”(使用“glui32.lib(glui_control.obj)”或在“C:\Users\yy\Documents\Visual Studio 2010\Projects\MfileReader\Release\vc100.pdb”中寻找)；正在链接对象，如同没有调试信息一样
     1>glui32.lib(glui_edittext.obj) : warning LNK4099: 未找到 PDB“vc100.pdb”(使用“glui32.lib(glui_edittext.obj)”或在“C:\Users\yy\Documents\Visual Studio 2010\Projects\MfileReader\Release\vc100.pdb”中寻找)；正在链接对象，如同没有调试信息一样
     1>glui32.lib(glui_filebrowser.obj) : warning LNK4099: 未找到 PDB“vc100.pdb”(使用“glui32.lib(glui_filebrowser.obj)”或在“C:\Users\yy\Documents\Visual Studio 2010\Projects\MfileReader\Release\vc100.pdb”中寻找)；正在链接对象，如同没有调试信息一样
     1>glui32.lib(glui_list.obj) : warning LNK4099: 未找到 PDB“vc100.pdb”(使用“glui32.lib(glui_list.obj)”或在“C:\Users\yy\Documents\Visual Studio 2010\Projects\MfileReader\Release\vc100.pdb”中寻找)；正在链接对象，如同没有调试信息一样
     1>glui32.lib(glui_listbox.obj) : warning LNK4099: 未找到 PDB“vc100.pdb”(使用“glui32.lib(glui_listbox.obj)”或在“C:\Users\yy\Documents\Visual Studio 2010\Projects\MfileReader\Release\vc100.pdb”中寻找)；正在链接对象，如同没有调试信息一样
     1>glui32.lib(glui_mouse_iaction.obj) : warning LNK4099: 未找到 PDB“vc100.pdb”(使用“glui32.lib(glui_mouse_iaction.obj)”或在“C:\Users\yy\Documents\Visual Studio 2010\Projects\MfileReader\Release\vc100.pdb”中寻找)；正在链接对象，如同没有调试信息一样
     1>glui32.lib(glui_node.obj) : warning LNK4099: 未找到 PDB“vc100.pdb”(使用“glui32.lib(glui_node.obj)”或在“C:\Users\yy\Documents\Visual Studio 2010\Projects\MfileReader\Release\vc100.pdb”中寻找)；正在链接对象，如同没有调试信息一样
     1>glui32.lib(glui_panel.obj) : warning LNK4099: 未找到 PDB“vc100.pdb”(使用“glui32.lib(glui_panel.obj)”或在“C:\Users\yy\Documents\Visual Studio 2010\Projects\MfileReader\Release\vc100.pdb”中寻找)；正在链接对象，如同没有调试信息一样
     1>glui32.lib(glui_radio.obj) : warning LNK4099: 未找到 PDB“vc100.pdb”(使用“glui32.lib(glui_radio.obj)”或在“C:\Users\yy\Documents\Visual Studio 2010\Projects\MfileReader\Release\vc100.pdb”中寻找)；正在链接对象，如同没有调试信息一样
     1>glui32.lib(glui_rollout.obj) : warning LNK4099: 未找到 PDB“vc100.pdb”(使用“glui32.lib(glui_rollout.obj)”或在“C:\Users\yy\Documents\Visual Studio 2010\Projects\MfileReader\Release\vc100.pdb”中寻找)；正在链接对象，如同没有调试信息一样
     1>glui32.lib(glui_rotation.obj) : warning LNK4099: 未找到 PDB“vc100.pdb”(使用“glui32.lib(glui_rotation.obj)”或在“C:\Users\yy\Documents\Visual Studio 2010\Projects\MfileReader\Release\vc100.pdb”中寻找)；正在链接对象，如同没有调试信息一样
     1>glui32.lib(glui_scrollbar.obj) : warning LNK4099: 未找到 PDB“vc100.pdb”(使用“glui32.lib(glui_scrollbar.obj)”或在“C:\Users\yy\Documents\Visual Studio 2010\Projects\MfileReader\Release\vc100.pdb”中寻找)；正在链接对象，如同没有调试信息一样
     1>glui32.lib(glui_separator.obj) : warning LNK4099: 未找到 PDB“vc100.pdb”(使用“glui32.lib(glui_separator.obj)”或在“C:\Users\yy\Documents\Visual Studio 2010\Projects\MfileReader\Release\vc100.pdb”中寻找)；正在链接对象，如同没有调试信息一样
     1>glui32.lib(glui_spinner.obj) : warning LNK4099: 未找到 PDB“vc100.pdb”(使用“glui32.lib(glui_spinner.obj)”或在“C:\Users\yy\Documents\Visual Studio 2010\Projects\MfileReader\Release\vc100.pdb”中寻找)；正在链接对象，如同没有调试信息一样
     1>glui32.lib(glui_string.obj) : warning LNK4099: 未找到 PDB“vc100.pdb”(使用“glui32.lib(glui_string.obj)”或在“C:\Users\yy\Documents\Visual Studio 2010\Projects\MfileReader\Release\vc100.pdb”中寻找)；正在链接对象，如同没有调试信息一样
     1>glui32.lib(glui_translation.obj) : warning LNK4099: 未找到 PDB“vc100.pdb”(使用“glui32.lib(glui_translation.obj)”或在“C:\Users\yy\Documents\Visual Studio 2010\Projects\MfileReader\Release\vc100.pdb”中寻找)；正在链接对象，如同没有调试信息一样
     1>glui32.lib(glui_window.obj) : warning LNK4099: 未找到 PDB“vc100.pdb”(使用“glui32.lib(glui_window.obj)”或在“C:\Users\yy\Documents\Visual Studio 2010\Projects\MfileReader\Release\vc100.pdb”中寻找)；正在链接对象，如同没有调试信息一样
     1>glui32.lib(quaternion.obj) : warning LNK4099: 未找到 PDB“vc100.pdb”(使用“glui32.lib(quaternion.obj)”或在“C:\Users\yy\Documents\Visual Studio 2010\Projects\MfileReader\Release\vc100.pdb”中寻找)；正在链接对象，如同没有调试信息一样
         MfileReader.vcxproj -> C:\Users\yy\Documents\Visual Studio 2010\Projects\MfileReader\Release\MfileReader.exe
       FinalizeBuildStatus:
         正在删除文件“Release\MfileReader.unsuccessfulbuild”。
         正在对“Release\MfileReader.lastbuildstate”执行 Touch 任务。
     1>已完成生成项目“C:\Users\yy\Documents\Visual Studio 2010\Projects\MfileReader\MfileReader\MfileReader.vcxproj”(build 个目标)的操作。

生成成功。

已用时间 00:00:03.34
